Build started 2012-10-06 12:49:06.
     1>Project "C:\Users\Neufrin\Documents\Visual Studio 2010\Projects\cars\cars\cars.vcxproj" on node 2 (build target(s)).
     1>InitializeBuildStatus:
         Creating "Debug\cars.unsuccessfulbuild" because "AlwaysCreate" was specified.
       ClCompile:
         C:\Program Files (x86)\Microsoft Visual Studio 10.0\VC\bin\CL.exe /c /ZI /nologo /W3 /WX- /Od /Oy- /D _MBCS /Gm /EHsc /RTC1 /MDd /GS /fp:precise /Zc:wchar_t /Zc:forScope /Fo"Debug\\" /Fd"Debug\vc100.pdb" /Gd /TP /analyze- /errorReport:prompt main.cpp
         main.cpp
     1>c:\users\neufrin\documents\visual studio 2010\projects\cars\cars\game.hpp(71): warning C4244: 'argument' : conversion from 'int' to 'float', possible loss of data
     1>c:\users\neufrin\documents\visual studio 2010\projects\cars\cars\game.hpp(75): warning C4244: 'argument' : conversion from 'int' to 'float', possible loss of data
     1>c:\users\neufrin\documents\visual studio 2010\projects\cars\cars\game.hpp(119): warning C4244: 'argument' : conversion from 'int' to 'float', possible loss of data
     1>c:\users\neufrin\documents\visual studio 2010\projects\cars\cars\game.hpp(125): warning C4244: 'argument' : conversion from 'int' to 'float', possible loss of data
     1>c:\users\neufrin\documents\visual studio 2010\projects\cars\cars\game.hpp(158): warning C4244: '=' : conversion from 'const float' to 'int', possible loss of data
     1>c:\users\neufrin\documents\visual studio 2010\projects\cars\cars\game.hpp(159): warning C4244: '=' : conversion from 'const float' to 'int', possible loss of data
     1>c:\users\neufrin\documents\visual studio 2010\projects\cars\cars\game.hpp(185): warning C4244: 'argument' : conversion from 'int' to 'float', possible loss of data
     1>c:\users\neufrin\documents\visual studio 2010\projects\cars\cars\game.hpp(195): warning C4244: 'argument' : conversion from 'int' to 'float', possible loss of data
     1>c:\users\neufrin\documents\visual studio 2010\projects\cars\cars\game.hpp(239): warning C4244: 'argument' : conversion from 'int' to 'float', possible loss of data
     1>c:\users\neufrin\documents\visual studio 2010\projects\cars\cars\game.hpp(239): warning C4244: 'argument' : conversion from 'int' to 'float', possible loss of data
     1>c:\users\neufrin\documents\visual studio 2010\projects\cars\cars\game.hpp(254): warning C4244: 'argument' : conversion from 'int' to 'float', possible loss of data
     1>c:\users\neufrin\documents\visual studio 2010\projects\cars\cars\game.hpp(254): warning C4244: 'argument' : conversion from 'int' to 'float', possible loss of data
     1>c:\users\neufrin\documents\visual studio 2010\projects\cars\cars\game.hpp(254): warning C4244: 'argument' : conversion from 'int' to 'float', possible loss of data
     1>c:\users\neufrin\documents\visual studio 2010\projects\cars\cars\game.hpp(254): warning C4244: 'argument' : conversion from 'int' to 'float', possible loss of data
     1>c:\users\neufrin\documents\visual studio 2010\projects\cars\cars\game.hpp(254): warning C4244: 'argument' : conversion from 'int' to 'float', possible loss of data
     1>c:\users\neufrin\documents\visual studio 2010\projects\cars\cars\game.hpp(254): warning C4244: 'argument' : conversion from 'int' to 'float', possible loss of data
     1>c:\users\neufrin\documents\visual studio 2010\projects\cars\cars\game.hpp(254): warning C4244: 'argument' : conversion from 'int' to 'float', possible loss of data
       Link:
         C:\Program Files (x86)\Microsoft Visual Studio 10.0\VC\bin\link.exe /ERRORREPORT:PROMPT /OUT:"C:\Users\Neufrin\Documents\Visual Studio 2010\Projects\cars\Debug\cars.exe" /NOLOGO "sfml-system-d.lib" "sfml-window-d.lib" "sfml-graphics-d.lib" kernel32.lib user32.lib gdi32.lib winspool.lib comdlg32.lib advapi32.lib shell32.lib ole32.lib oleaut32.lib uuid.lib odbc32.lib odbccp32.lib /MANIFEST /ManifestFile:"Debug\cars.exe.intermediate.manifest" /MANIFESTUAC:"level='asInvoker' uiAccess='false'" /DEBUG /PDB:"C:\Users\Neufrin\Documents\Visual Studio 2010\Projects\cars\Debug\cars.pdb" /TLBID:1 /DYNAMICBASE /NXCOMPAT /IMPLIB:"C:\Users\Neufrin\Documents\Visual Studio 2010\Projects\cars\Debug\cars.lib" /MACHINE:X86 Debug\main.obj
         Debug\techhud.obj
         LINK : C:\Users\Neufrin\Documents\Visual Studio 2010\Projects\cars\Debug\cars.exe not found or not built by the last incremental link; performing full link
     1>LINK : fatal error LNK1561: entry point must be defined
     1>Done Building Project "C:\Users\Neufrin\Documents\Visual Studio 2010\Projects\cars\cars\cars.vcxproj" (build target(s)) -- FAILED.

Build FAILED.

Time Elapsed 00:00:01.74
