Build started 2012-11-04 22:40:59.
     1>Project "C:\Users\Neufrin\Documents\Visual Studio 2010\Projects\cars\cars\cars.vcxproj" on node 2 (build target(s)).
     1>InitializeBuildStatus:
         Creating "Release\cars.unsuccessfulbuild" because "AlwaysCreate" was specified.
       ClCompile:
         C:\Program Files (x86)\Microsoft Visual Studio 10.0\VC\bin\CL.exe /c /Zi /nologo /W3 /WX- /O2 /Oi /Oy- /GL /D _MBCS /Gm- /EHsc /MD /GS /Gy /fp:precise /Zc:wchar_t /Zc:forScope /Fo"Release\\" /Fd"Release\vc100.pdb" /Gd /TP /analyze- /errorReport:prompt main.cpp
         main.cpp
     1>c:\users\neufrin\documents\visual studio 2010\projects\cars\cars\game.hpp(74): warning C4244: 'argument' : conversion from 'int' to 'float', possible loss of data
     1>c:\users\neufrin\documents\visual studio 2010\projects\cars\cars\game.hpp(78): warning C4244: 'argument' : conversion from 'int' to 'float', possible loss of data
     1>c:\users\neufrin\documents\visual studio 2010\projects\cars\cars\game.hpp(122): warning C4244: 'argument' : conversion from 'int' to 'float', possible loss of data
     1>c:\users\neufrin\documents\visual studio 2010\projects\cars\cars\game.hpp(128): warning C4244: 'argument' : conversion from 'int' to 'float', possible loss of data
     1>c:\users\neufrin\documents\visual studio 2010\projects\cars\cars\game.hpp(165): warning C4244: '=' : conversion from 'const float' to 'int', possible loss of data
     1>c:\users\neufrin\documents\visual studio 2010\projects\cars\cars\game.hpp(166): warning C4244: '=' : conversion from 'const float' to 'int', possible loss of data
     1>c:\users\neufrin\documents\visual studio 2010\projects\cars\cars\game.hpp(192): warning C4244: 'argument' : conversion from 'int' to 'float', possible loss of data
     1>c:\users\neufrin\documents\visual studio 2010\projects\cars\cars\game.hpp(202): warning C4244: 'argument' : conversion from 'int' to 'float', possible loss of data
     1>c:\users\neufrin\documents\visual studio 2010\projects\cars\cars\game.hpp(246): warning C4244: 'argument' : conversion from 'int' to 'float', possible loss of data
     1>c:\users\neufrin\documents\visual studio 2010\projects\cars\cars\game.hpp(246): warning C4244: 'argument' : conversion from 'int' to 'float', possible loss of data
     1>c:\users\neufrin\documents\visual studio 2010\projects\cars\cars\game.hpp(261): warning C4244: 'argument' : conversion from 'int' to 'float', possible loss of data
     1>c:\users\neufrin\documents\visual studio 2010\projects\cars\cars\game.hpp(261): warning C4244: 'argument' : conversion from 'int' to 'float', possible loss of data
     1>c:\users\neufrin\documents\visual studio 2010\projects\cars\cars\game.hpp(261): warning C4244: 'argument' : conversion from 'int' to 'float', possible loss of data
     1>c:\users\neufrin\documents\visual studio 2010\projects\cars\cars\game.hpp(261): warning C4244: 'argument' : conversion from 'int' to 'float', possible loss of data
     1>c:\users\neufrin\documents\visual studio 2010\projects\cars\cars\game.hpp(261): warning C4244: 'argument' : conversion from 'int' to 'float', possible loss of data
     1>c:\users\neufrin\documents\visual studio 2010\projects\cars\cars\game.hpp(261): warning C4244: 'argument' : conversion from 'int' to 'float', possible loss of data
     1>c:\users\neufrin\documents\visual studio 2010\projects\cars\cars\game.hpp(261): warning C4244: 'argument' : conversion from 'int' to 'float', possible loss of data
       Link:
         C:\Program Files (x86)\Microsoft Visual Studio 10.0\VC\bin\link.exe /ERRORREPORT:PROMPT /OUT:"C:\Users\Neufrin\Documents\Visual Studio 2010\Projects\cars\Release\cars.exe" /NOLOGO "sfml-system.lib" "sfml-window.lib" "sfml-graphics.lib" "sfml-main.lib" kernel32.lib user32.lib gdi32.lib winspool.lib comdlg32.lib advapi32.lib shell32.lib ole32.lib oleaut32.lib uuid.lib odbc32.lib odbccp32.lib /MANIFEST /ManifestFile:"Release\cars.exe.intermediate.manifest" /MANIFESTUAC:"level='asInvoker' uiAccess='false'" /DEBUG /PDB:"C:\Users\Neufrin\Documents\Visual Studio 2010\Projects\cars\Release\cars.pdb" /SUBSYSTEM:WINDOWS /OPT:REF /OPT:ICF /LTCG /TLBID:1 /DYNAMICBASE /NXCOMPAT /IMPLIB:"C:\Users\Neufrin\Documents\Visual Studio 2010\Projects\cars\Release\cars.lib" /MACHINE:X86 Release\main.obj
         Release\techhud.obj
         Generating code
         Finished generating code
         cars.vcxproj -> C:\Users\Neufrin\Documents\Visual Studio 2010\Projects\cars\Release\cars.exe
       Manifest:
         C:\Program Files (x86)\Microsoft SDKs\Windows\v7.0A\bin\mt.exe /nologo /verbose /outputresource:"C:\Users\Neufrin\Documents\Visual Studio 2010\Projects\cars\Release\cars.exe;#1" /manifest Release\cars.exe.intermediate.manifest
       FinalizeBuildStatus:
         Deleting file "Release\cars.unsuccessfulbuild".
         Touching "Release\cars.lastbuildstate".
     1>Done Building Project "C:\Users\Neufrin\Documents\Visual Studio 2010\Projects\cars\cars\cars.vcxproj" (build target(s)).

Build succeeded.

Time Elapsed 00:00:02.17
